2025-04-17 21:01:21,074 - INFO - Сгенерирован список из 10 элементов.
2025-04-17 21:01:22,080 - INFO - Используется 9 процессов (загрузка процессора: 40.0%).
2025-04-17 21:01:22,745 - INFO - Задача 'least_common' выполнена за 0.00 секунд.
2025-04-17 21:01:22,772 - INFO - Задача 'most_common' выполнена за 0.00 секунд.
2025-04-17 21:01:22,912 - INFO - Задача 'median' выполнена за 0.00 секунд.
2025-04-17 21:01:23,028 - INFO - Задача 'average' выполнена за 0.00 секунд.
2025-04-17 21:01:27,837 - INFO - Задача 'sum' выполнена за 5.00 секунд.
2025-04-17 21:01:29,327 - INFO - Результаты сохранены в файл.
2025-04-17 21:19:57,613 - INFO - Сгенерирован список из 15 элементов.
2025-04-17 21:19:58,623 - INFO - Используется 14 процессов (загрузка процессора: 12.5%).
2025-04-17 21:19:59,317 - INFO - Начало выполнения задачи 'most_common'.
2025-04-17 21:19:59,319 - INFO - Задача 'most_common' выполнена за 0.00 секунд.
2025-04-17 21:19:59,319 - INFO - Начало выполнения задачи 'sum'.
2025-04-17 21:19:59,319 - INFO - Задача 'least_common' выполнена за 0.00 секунд.
2025-04-17 21:19:59,320 - INFO - Начало выполнения задачи 'average'.
2025-04-17 21:19:59,320 - INFO - Задача 'average' выполнена за 0.00 секунд.
2025-04-17 21:19:59,320 - INFO - Начало выполнения задачи 'median'.
2025-04-17 21:19:59,320 - INFO - Задача 'median' выполнена за 0.00 секунд.
2025-04-17 21:20:04,319 - INFO - Задача 'sum' выполнена за 5.00 секунд.
2025-04-17 21:20:05,392 - INFO - Результаты сохранены в файл.
